c:\users\ohs45019\documents\hal\就職作品\final_project\x64\release\vc140.pdb
c:\users\ohs45019\documents\hal\就職作品\final_project\x64\release\titlescene.obj
c:\users\ohs45019\documents\hal\就職作品\final_project\x64\release\timerclass.obj
c:\users\ohs45019\documents\hal\就職作品\final_project\x64\release\systemclass.obj
c:\users\ohs45019\documents\hal\就職作品\final_project\x64\release\shadermanagerclass.obj
c:\users\ohs45019\documents\hal\就職作品\final_project\x64\release\scenemanager.obj
c:\users\ohs45019\documents\hal\就職作品\final_project\x64\release\positionclass.obj
c:\users\ohs45019\documents\hal\就職作品\final_project\x64\release\main.obj
c:\users\ohs45019\documents\hal\就職作品\final_project\x64\release\inputclass.obj
c:\users\ohs45019\documents\hal\就職作品\final_project\x64\release\gamescene.obj
c:\users\ohs45019\documents\hal\就職作品\final_project\x64\release\gameclearscene.obj
c:\users\ohs45019\documents\hal\就職作品\final_project\x64\release\fpsclass.obj
c:\users\ohs45019\documents\hal\就職作品\final_project\x64\release\d3dclass.obj
c:\users\ohs45019\documents\hal\就職作品\final_project\x64\release\cpuclass.obj
c:\users\ohs45019\documents\hal\就職作品\final_project\x64\release\cameraclass.obj
c:\users\ohs45019\documents\hal\就職作品\final_project\x64\release\textureclass.obj
c:\users\ohs45019\documents\hal\就職作品\final_project\x64\release\gameobjectbase.obj
c:\users\ohs45019\documents\hal\就職作品\final_project\x64\release\colorshaderclass.obj
c:\users\ohs45019\documents\hal\就職作品\final_project\x64\release\textureshaderclass.obj
c:\users\ohs45019\documents\hal\就職作品\final_project\x64\release\modelclass.obj
c:\users\ohs45019\documents\hal\就職作品\final_project\x64\release\mathutility.obj
c:\users\ohs45019\documents\hal\就職作品\final_project\x64\release\stageclass.obj
c:\users\ohs45019\documents\hal\就職作品\final_project\x64\release\hitsphereclass.obj
c:\users\ohs45019\documents\hal\就職作品\final_project\x64\release\hitboxclass.obj
c:\users\ohs45019\documents\hal\就職作品\final_project\x64\release\hitbaseclass.obj
c:\users\ohs45019\documents\hal\就職作品\final_project\x64\release\hitmanager.obj
c:\users\ohs45019\documents\hal\就職作品\final_project\x64\release\blockclass.obj
c:\users\ohs45019\documents\hal\就職作品\final_project\x64\release\bumpmapshaderclass.obj
c:\users\ohs45019\documents\hal\就職作品\final_project\x64\release\sackbaseclass.obj
c:\users\ohs45019\documents\hal\就職作品\final_project\x64\release\sackstatebase.obj
c:\users\ohs45019\documents\hal\就職作品\final_project\x64\release\movestatebase.obj
c:\users\ohs45019\documents\hal\就職作品\final_project\x64\release\midairstatebase.obj
c:\users\ohs45019\documents\hal\就職作品\final_project\x64\release\jumpingstatebase.obj
c:\users\ohs45019\documents\hal\就職作品\final_project\x64\release\fallingstatebase.obj
c:\users\ohs45019\documents\hal\就職作品\final_project\x64\release\dashingstatebase.obj
c:\users\ohs45019\documents\hal\就職作品\final_project\x64\release\p_normalstate.obj
c:\users\ohs45019\documents\hal\就職作品\final_project\x64\release\p_movestate.obj
c:\users\ohs45019\documents\hal\就職作品\final_project\x64\release\p_midairstate.obj
c:\users\ohs45019\documents\hal\就職作品\final_project\x64\release\p_jumpingstate.obj
c:\users\ohs45019\documents\hal\就職作品\final_project\x64\release\p_flipstate.obj
c:\users\ohs45019\documents\hal\就職作品\final_project\x64\release\p_fallingstate.obj
c:\users\ohs45019\documents\hal\就職作品\final_project\x64\release\p_dashingstate.obj
c:\users\ohs45019\documents\hal\就職作品\final_project\x64\release\normalstatebase.obj
c:\users\ohs45019\documents\hal\就職作品\final_project\x64\release\cplayer.obj
c:\users\ohs45019\documents\hal\就職作品\final_project\x64\release\playerstate.obj
c:\users\ohs45019\documents\hal\就職作品\final_project\x64\release\final_project.exe
c:\users\ohs45019\documents\hal\就職作品\final_project\x64\release\final_project.ipdb
c:\users\ohs45019\documents\hal\就職作品\final_project\x64\release\final_project.iobj
c:\users\ohs45019\documents\hal\就職作品\final_project\x64\release\final_project.pdb
c:\users\ohs45019\documents\hal\就職作品\final_project\x64\release\final_project.tlog\cl.command.1.tlog
c:\users\ohs45019\documents\hal\就職作品\final_project\x64\release\final_project.tlog\cl.read.1.tlog
c:\users\ohs45019\documents\hal\就職作品\final_project\x64\release\final_project.tlog\cl.write.1.tlog
c:\users\ohs45019\documents\hal\就職作品\final_project\x64\release\final_project.tlog\link.command.1.tlog
c:\users\ohs45019\documents\hal\就職作品\final_project\x64\release\final_project.tlog\link.read.1.tlog
c:\users\ohs45019\documents\hal\就職作品\final_project\x64\release\final_project.tlog\link.write.1.tlog
