c:\users\ohs45019\documents\hal\就職作品\final_project\x64\debug\vc140.pdb
c:\users\ohs45019\documents\hal\就職作品\final_project\x64\debug\vc140.idb
c:\users\ohs45019\documents\hal\就職作品\final_project\x64\debug\hitmanager.obj
c:\users\ohs45019\documents\hal\就職作品\final_project\x64\debug\sackbaseclass.obj
c:\users\ohs45019\documents\hal\就職作品\final_project\x64\debug\mathutility.obj
c:\users\ohs45019\documents\hal\就職作品\final_project\x64\debug\gamescene.obj
c:\users\ohs45019\documents\hal\就職作品\final_project\x64\debug\systemclass.obj
c:\users\ohs45019\documents\hal\就職作品\final_project\x64\debug\titlescene.obj
c:\users\ohs45019\documents\hal\就職作品\final_project\x64\debug\hitbaseclass.obj
c:\users\ohs45019\documents\hal\就職作品\final_project\x64\debug\hitboxclass.obj
c:\users\ohs45019\documents\hal\就職作品\final_project\x64\debug\hitsphereclass.obj
c:\users\ohs45019\documents\hal\就職作品\final_project\x64\debug\modelclass.obj
c:\users\ohs45019\documents\hal\就職作品\final_project\x64\debug\scenemanager.obj
c:\users\ohs45019\documents\hal\就職作品\final_project\x64\debug\shadermanagerclass.obj
c:\users\ohs45019\documents\hal\就職作品\final_project\x64\debug\stageclass.obj
c:\users\ohs45019\documents\hal\就職作品\final_project\x64\debug\main.obj
c:\users\ohs45019\documents\hal\就職作品\final_project\x64\debug\blockclass.obj
c:\users\ohs45019\documents\hal\就職作品\final_project\x64\debug\bumpmapshaderclass.obj
c:\users\ohs45019\documents\hal\就職作品\final_project\x64\debug\gameclearscene.obj
c:\users\ohs45019\documents\hal\就職作品\final_project\x64\debug\gameobjectbase.obj
c:\users\ohs45019\documents\hal\就職作品\final_project\x64\debug\sackstatebase.obj
c:\users\ohs45019\documents\hal\就職作品\final_project\x64\debug\playerstate.obj
c:\users\ohs45019\documents\hal\就職作品\final_project\x64\debug\p_dashingstate.obj
c:\users\ohs45019\documents\hal\就職作品\final_project\x64\debug\p_fallingstate.obj
c:\users\ohs45019\documents\hal\就職作品\final_project\x64\debug\p_flipstate.obj
c:\users\ohs45019\documents\hal\就職作品\final_project\x64\debug\p_jumpingstate.obj
c:\users\ohs45019\documents\hal\就職作品\final_project\x64\debug\p_midairstate.obj
c:\users\ohs45019\documents\hal\就職作品\final_project\x64\debug\p_movestate.obj
c:\users\ohs45019\documents\hal\就職作品\final_project\x64\debug\p_normalstate.obj
c:\users\ohs45019\documents\hal\就職作品\final_project\x64\debug\textureshaderclass.obj
c:\users\ohs45019\documents\hal\就職作品\final_project\x64\debug\cplayer.obj
c:\users\ohs45019\documents\hal\就職作品\final_project\x64\debug\dashingstatebase.obj
c:\users\ohs45019\documents\hal\就職作品\final_project\x64\debug\fallingstatebase.obj
c:\users\ohs45019\documents\hal\就職作品\final_project\x64\debug\colorshaderclass.obj
c:\users\ohs45019\documents\hal\就職作品\final_project\x64\debug\jumpingstatebase.obj
c:\users\ohs45019\documents\hal\就職作品\final_project\x64\debug\midairstatebase.obj
c:\users\ohs45019\documents\hal\就職作品\final_project\x64\debug\movestatebase.obj
c:\users\ohs45019\documents\hal\就職作品\final_project\x64\debug\normalstatebase.obj
c:\users\ohs45019\documents\hal\就職作品\final_project\x64\debug\playerclass.obj
c:\users\ohs45019\documents\hal\就職作品\final_project\x64\debug\inputclass.obj
c:\users\ohs45019\documents\hal\就職作品\final_project\x64\debug\final_project.ilk
c:\users\ohs45019\documents\hal\就職作品\final_project\x64\debug\final_project.exe
c:\users\ohs45019\documents\hal\就職作品\final_project\x64\debug\final_project.pdb
c:\users\ohs45019\documents\hal\就職作品\final_project\x64\debug\cameraclass.obj
c:\users\ohs45019\documents\hal\就職作品\final_project\x64\debug\cpuclass.obj
c:\users\ohs45019\documents\hal\就職作品\final_project\x64\debug\d3dclass.obj
c:\users\ohs45019\documents\hal\就職作品\final_project\x64\debug\fpsclass.obj
c:\users\ohs45019\documents\hal\就職作品\final_project\x64\debug\positionclass.obj
c:\users\ohs45019\documents\hal\就職作品\final_project\x64\debug\textureclass.obj
c:\users\ohs45019\documents\hal\就職作品\final_project\x64\debug\timerclass.obj
c:\users\ohs45019\documents\hal\就職作品\final_project\x64\debug\final_project.tlog\cl.command.1.tlog
c:\users\ohs45019\documents\hal\就職作品\final_project\x64\debug\final_project.tlog\cl.read.1.tlog
c:\users\ohs45019\documents\hal\就職作品\final_project\x64\debug\final_project.tlog\cl.write.1.tlog
c:\users\ohs45019\documents\hal\就職作品\final_project\x64\debug\final_project.tlog\link.command.1.tlog
c:\users\ohs45019\documents\hal\就職作品\final_project\x64\debug\final_project.tlog\link.read.1.tlog
c:\users\ohs45019\documents\hal\就職作品\final_project\x64\debug\final_project.tlog\link.write.1.tlog
